Analysis & Synthesis report for LogicalStep_Lab3_top
Tue Mar 12 22:06:55 2024
Quartus Prime Version 18.1.0 Build 625 09/12/2018 SJ Standard Edition


---------------------
; Table of Contents ;
---------------------
  1. Legal Notice
  2. Analysis & Synthesis Summary
  3. Analysis & Synthesis Settings
  4. Parallel Compilation
  5. Analysis & Synthesis Source Files Read
  6. Analysis & Synthesis Resource Usage Summary
  7. Analysis & Synthesis Resource Utilization by Entity
  8. Registers Removed During Synthesis
  9. General Register Statistics
 10. Port Connectivity Checks: "HVAC:HVAC1"
 11. Post-Synthesis Netlist Statistics for Top Partition
 12. Elapsed Time Per Partition
 13. Analysis & Synthesis Messages



----------------
; Legal Notice ;
----------------
Copyright (C) 2018  Intel Corporation. All rights reserved.
Your use of Intel Corporation's design tools, logic functions 
and other software and tools, and its AMPP partner logic 
functions, and any output files from any of the foregoing 
(including device programming or simulation files), and any 
associated documentation or information are expressly subject 
to the terms and conditions of the Intel Program License 
Subscription Agreement, the Intel Quartus Prime License Agreement,
the Intel FPGA IP License Agreement, or other applicable license
agreement, including, without limitation, that your use is for
the sole purpose of programming logic devices manufactured by
Intel and sold by Intel or its authorized distributors.  Please
refer to the applicable agreement for further details.



+--------------------------------------------------------------------------------------+
; Analysis & Synthesis Summary                                                         ;
+------------------------------------+-------------------------------------------------+
; Analysis & Synthesis Status        ; Successful - Tue Mar 12 22:06:55 2024           ;
; Quartus Prime Version              ; 18.1.0 Build 625 09/12/2018 SJ Standard Edition ;
; Revision Name                      ; LogicalStep_Lab3_top                            ;
; Top-level Entity Name              ; LogicalStep_Lab3_top                            ;
; Family                             ; MAX 10                                          ;
; Total logic elements               ; 91                                              ;
;     Total combinational functions  ; 90                                              ;
;     Dedicated logic registers      ; 29                                              ;
; Total registers                    ; 29                                              ;
; Total pins                         ; 30                                              ;
; Total virtual pins                 ; 0                                               ;
; Total memory bits                  ; 0                                               ;
; Embedded Multiplier 9-bit elements ; 0                                               ;
; Total PLLs                         ; 0                                               ;
; UFM blocks                         ; 0                                               ;
; ADC blocks                         ; 0                                               ;
+------------------------------------+-------------------------------------------------+


+----------------------------------------------------------------------------------------------------------------+
; Analysis & Synthesis Settings                                                                                  ;
+------------------------------------------------------------------+----------------------+----------------------+
; Option                                                           ; Setting              ; Default Value        ;
+------------------------------------------------------------------+----------------------+----------------------+
; Device                                                           ; 10M08SAE144C8G       ;                      ;
; Top-level entity name                                            ; LogicalStep_Lab3_top ; LogicalStep_Lab3_top ;
; Family name                                                      ; MAX 10               ; Cyclone V            ;
; Use smart compilation                                            ; Off                  ; Off                  ;
; Enable parallel Assembler and Timing Analyzer during compilation ; On                   ; On                   ;
; Enable compact report table                                      ; Off                  ; Off                  ;
; Restructure Multiplexers                                         ; Auto                 ; Auto                 ;
; Create Debugging Nodes for IP Cores                              ; Off                  ; Off                  ;
; Preserve fewer node names                                        ; On                   ; On                   ;
; Intel FPGA IP Evaluation Mode                                    ; Enable               ; Enable               ;
; Verilog Version                                                  ; Verilog_2001         ; Verilog_2001         ;
; VHDL Version                                                     ; VHDL_1993            ; VHDL_1993            ;
; State Machine Processing                                         ; Auto                 ; Auto                 ;
; Safe State Machine                                               ; Off                  ; Off                  ;
; Extract Verilog State Machines                                   ; On                   ; On                   ;
; Extract VHDL State Machines                                      ; On                   ; On                   ;
; Ignore Verilog initial constructs                                ; Off                  ; Off                  ;
; Iteration limit for constant Verilog loops                       ; 5000                 ; 5000                 ;
; Iteration limit for non-constant Verilog loops                   ; 250                  ; 250                  ;
; Add Pass-Through Logic to Inferred RAMs                          ; On                   ; On                   ;
; Infer RAMs from Raw Logic                                        ; On                   ; On                   ;
; Parallel Synthesis                                               ; On                   ; On                   ;
; DSP Block Balancing                                              ; Auto                 ; Auto                 ;
; NOT Gate Push-Back                                               ; On                   ; On                   ;
; Power-Up Don't Care                                              ; On                   ; On                   ;
; Remove Redundant Logic Cells                                     ; Off                  ; Off                  ;
; Remove Duplicate Registers                                       ; On                   ; On                   ;
; Ignore CARRY Buffers                                             ; Off                  ; Off                  ;
; Ignore CASCADE Buffers                                           ; Off                  ; Off                  ;
; Ignore GLOBAL Buffers                                            ; Off                  ; Off                  ;
; Ignore ROW GLOBAL Buffers                                        ; Off                  ; Off                  ;
; Ignore LCELL Buffers                                             ; Off                  ; Off                  ;
; Ignore SOFT Buffers                                              ; On                   ; On                   ;
; Limit AHDL Integers to 32 Bits                                   ; Off                  ; Off                  ;
; Optimization Technique                                           ; Balanced             ; Balanced             ;
; Carry Chain Length                                               ; 70                   ; 70                   ;
; Auto Carry Chains                                                ; On                   ; On                   ;
; Auto Open-Drain Pins                                             ; On                   ; On                   ;
; Perform WYSIWYG Primitive Resynthesis                            ; Off                  ; Off                  ;
; Auto ROM Replacement                                             ; On                   ; On                   ;
; Auto RAM Replacement                                             ; On                   ; On                   ;
; Auto DSP Block Replacement                                       ; On                   ; On                   ;
; Auto Shift Register Replacement                                  ; Auto                 ; Auto                 ;
; Allow Shift Register Merging across Hierarchies                  ; Auto                 ; Auto                 ;
; Auto Clock Enable Replacement                                    ; On                   ; On                   ;
; Strict RAM Replacement                                           ; Off                  ; Off                  ;
; Allow Synchronous Control Signals                                ; On                   ; On                   ;
; Force Use of Synchronous Clear Signals                           ; Off                  ; Off                  ;
; Auto RAM Block Balancing                                         ; On                   ; On                   ;
; Auto RAM to Logic Cell Conversion                                ; Off                  ; Off                  ;
; Auto Resource Sharing                                            ; Off                  ; Off                  ;
; Allow Any RAM Size For Recognition                               ; Off                  ; Off                  ;
; Allow Any ROM Size For Recognition                               ; Off                  ; Off                  ;
; Allow Any Shift Register Size For Recognition                    ; Off                  ; Off                  ;
; Use LogicLock Constraints during Resource Balancing              ; On                   ; On                   ;
; Ignore translate_off and synthesis_off directives                ; Off                  ; Off                  ;
; Timing-Driven Synthesis                                          ; On                   ; On                   ;
; Report Parameter Settings                                        ; On                   ; On                   ;
; Report Source Assignments                                        ; On                   ; On                   ;
; Report Connectivity Checks                                       ; On                   ; On                   ;
; Ignore Maximum Fan-Out Assignments                               ; Off                  ; Off                  ;
; Synchronization Register Chain Length                            ; 2                    ; 2                    ;
; Power Optimization During Synthesis                              ; Normal compilation   ; Normal compilation   ;
; HDL message level                                                ; Level2               ; Level2               ;
; Suppress Register Optimization Related Messages                  ; Off                  ; Off                  ;
; Number of Removed Registers Reported in Synthesis Report         ; 5000                 ; 5000                 ;
; Number of Swept Nodes Reported in Synthesis Report               ; 5000                 ; 5000                 ;
; Number of Inverted Registers Reported in Synthesis Report        ; 100                  ; 100                  ;
; Clock MUX Protection                                             ; On                   ; On                   ;
; Auto Gated Clock Conversion                                      ; Off                  ; Off                  ;
; Block Design Naming                                              ; Auto                 ; Auto                 ;
; SDC constraint protection                                        ; Off                  ; Off                  ;
; Synthesis Effort                                                 ; Auto                 ; Auto                 ;
; Shift Register Replacement - Allow Asynchronous Clear Signal     ; On                   ; On                   ;
; Pre-Mapping Resynthesis Optimization                             ; Off                  ; Off                  ;
; Analysis & Synthesis Message Level                               ; Medium               ; Medium               ;
; Disable Register Merging Across Hierarchies                      ; Auto                 ; Auto                 ;
; Resource Aware Inference For Block RAM                           ; On                   ; On                   ;
+------------------------------------------------------------------+----------------------+----------------------+


+------------------------------------------+
; Parallel Compilation                     ;
+----------------------------+-------------+
; Processors                 ; Number      ;
+----------------------------+-------------+
; Number detected on machine ; 4           ;
; Maximum allowed            ; 2           ;
;                            ;             ;
; Average used               ; 1.00        ;
; Maximum used               ; 2           ;
;                            ;             ;
; Usage by Processor         ; % Time Used ;
;     Processor 1            ; 100.0%      ;
;     Processor 2            ;   0.0%      ;
+----------------------------+-------------+


+------------------------------------------------------------------------------------------------------------------------------------------------+
; Analysis & Synthesis Source Files Read                                                                                                         ;
+----------------------------------+-----------------+-----------------------+---------------------------------------------------------+---------+
; File Name with User-Entered Path ; Used in Netlist ; File Type             ; File Name with Absolute Path                            ; Library ;
+----------------------------------+-----------------+-----------------------+---------------------------------------------------------+---------+
; LogicalStep_Lab3_top.vhd         ; yes             ; User VHDL File        ; C:/Users/svtuczyn/ECE-124/Lab3/LogicalStep_Lab3_top.vhd ;         ;
; segment7_mux.vhd                 ; yes             ; User VHDL File        ; C:/Users/svtuczyn/ECE-124/Lab3/segment7_mux.vhd         ;         ;
; SevenSegment.vhd                 ; yes             ; User VHDL File        ; C:/Users/svtuczyn/ECE-124/Lab3/SevenSegment.vhd         ;         ;
; Compx1.vhd                       ; yes             ; User VHDL File        ; C:/Users/svtuczyn/ECE-124/Lab3/Compx1.vhd               ;         ;
; Compx4.vhd                       ; yes             ; User VHDL File        ; C:/Users/svtuczyn/ECE-124/Lab3/Compx4.vhd               ;         ;
; twoonemux.vhd                    ; yes             ; User VHDL File        ; C:/Users/svtuczyn/ECE-124/Lab3/twoonemux.vhd            ;         ;
; energy_monitor.vhd               ; yes             ; User VHDL File        ; C:/Users/svtuczyn/ECE-124/Lab3/energy_monitor.vhd       ;         ;
; pb_inverters.vhd                 ; yes             ; Auto-Found VHDL File  ; C:/Users/svtuczyn/ECE-124/Lab3/pb_inverters.vhd         ;         ;
; tester.vhd                       ; yes             ; Auto-Found VHDL File  ; C:/Users/svtuczyn/ECE-124/Lab3/tester.vhd               ;         ;
; hvac.vhd                         ; yes             ; Auto-Found VHDL File  ; C:/Users/svtuczyn/ECE-124/Lab3/hvac.vhd                 ;         ;
+----------------------------------+-----------------+-----------------------+---------------------------------------------------------+---------+


+--------------------------------------------------------------+
; Analysis & Synthesis Resource Usage Summary                  ;
+---------------------------------------------+----------------+
; Resource                                    ; Usage          ;
+---------------------------------------------+----------------+
; Estimated Total logic elements              ; 91             ;
;                                             ;                ;
; Total combinational functions               ; 90             ;
; Logic element usage by number of LUT inputs ;                ;
;     -- 4 input functions                    ; 35             ;
;     -- 3 input functions                    ; 20             ;
;     -- <=2 input functions                  ; 35             ;
;                                             ;                ;
; Logic elements by mode                      ;                ;
;     -- normal mode                          ; 56             ;
;     -- arithmetic mode                      ; 34             ;
;                                             ;                ;
; Total registers                             ; 29             ;
;     -- Dedicated logic registers            ; 29             ;
;     -- I/O registers                        ; 0              ;
;                                             ;                ;
; I/O pins                                    ; 30             ;
;                                             ;                ;
; Embedded Multiplier 9-bit elements          ; 0              ;
;                                             ;                ;
; Maximum fan-out node                        ; clkin_50~input ;
; Maximum fan-out                             ; 25             ;
; Total fan-out                               ; 375            ;
; Average fan-out                             ; 2.09           ;
+---------------------------------------------+----------------+


+-----------------------------------------------------------------------------------------------------------------------------------------------------------------------------------------------------------------------------------------------------------------------------------+
; Analysis & Synthesis Resource Utilization by Entity                                                                                                                                                                                                                               ;
+-----------------------------------+---------------------+---------------------------+-------------+------------+--------------+---------+-----------+------+--------------+------------+----------------------------------------------------+----------------------+--------------+
; Compilation Hierarchy Node        ; Combinational ALUTs ; Dedicated Logic Registers ; Memory Bits ; UFM Blocks ; DSP Elements ; DSP 9x9 ; DSP 18x18 ; Pins ; Virtual Pins ; ADC blocks ; Full Hierarchy Name                                ; Entity Name          ; Library Name ;
+-----------------------------------+---------------------+---------------------------+-------------+------------+--------------+---------+-----------+------+--------------+------------+----------------------------------------------------+----------------------+--------------+
; |LogicalStep_Lab3_top             ; 90 (0)              ; 29 (0)                    ; 0           ; 0          ; 0            ; 0       ; 0         ; 30   ; 0            ; 0          ; |LogicalStep_Lab3_top                              ; LogicalStep_Lab3_top ; work         ;
;    |Compx4:COMPX41|               ; 9 (8)               ; 0 (0)                     ; 0           ; 0          ; 0            ; 0       ; 0         ; 0    ; 0            ; 0          ; |LogicalStep_Lab3_top|Compx4:COMPX41               ; Compx4               ; work         ;
;       |Compx1:co2|                ; 1 (1)               ; 0 (0)                     ; 0           ; 0          ; 0            ; 0       ; 0         ; 0    ; 0            ; 0          ; |LogicalStep_Lab3_top|Compx4:COMPX41|Compx1:co2    ; Compx1               ; work         ;
;    |HVAC:HVAC1|                   ; 34 (34)             ; 19 (19)                   ; 0           ; 0          ; 0            ; 0       ; 0         ; 0    ; 0            ; 0          ; |LogicalStep_Lab3_top|HVAC:HVAC1                   ; HVAC                 ; work         ;
;    |SevenSegment:SEVENSEGMENT1|   ; 7 (7)               ; 0 (0)                     ; 0           ; 0          ; 0            ; 0       ; 0         ; 0    ; 0            ; 0          ; |LogicalStep_Lab3_top|SevenSegment:SEVENSEGMENT1   ; SevenSegment         ; work         ;
;    |SevenSegment:SEVENSEGMENT2|   ; 7 (7)               ; 0 (0)                     ; 0           ; 0          ; 0            ; 0       ; 0         ; 0    ; 0            ; 0          ; |LogicalStep_Lab3_top|SevenSegment:SEVENSEGMENT2   ; SevenSegment         ; work         ;
;    |Tester:TESTER1|               ; 10 (10)             ; 0 (0)                     ; 0           ; 0          ; 0            ; 0       ; 0         ; 0    ; 0            ; 0          ; |LogicalStep_Lab3_top|Tester:TESTER1               ; Tester               ; work         ;
;    |energy_monitor:ENERGYMONITOR| ; 2 (2)               ; 0 (0)                     ; 0           ; 0          ; 0            ; 0       ; 0         ; 0    ; 0            ; 0          ; |LogicalStep_Lab3_top|energy_monitor:ENERGYMONITOR ; energy_monitor       ; work         ;
;    |segment7_mux:SEVENSEGMENTMUX| ; 17 (17)             ; 10 (10)                   ; 0           ; 0          ; 0            ; 0       ; 0         ; 0    ; 0            ; 0          ; |LogicalStep_Lab3_top|segment7_mux:SEVENSEGMENTMUX ; segment7_mux         ; work         ;
;    |twoonemux:TWOONEMUX1|         ; 4 (4)               ; 0 (0)                     ; 0           ; 0          ; 0            ; 0       ; 0         ; 0    ; 0            ; 0          ; |LogicalStep_Lab3_top|twoonemux:TWOONEMUX1         ; twoonemux            ; work         ;
+-----------------------------------+---------------------+---------------------------+-------------+------------+--------------+---------+-----------+------+--------------+------------+----------------------------------------------------+----------------------+--------------+
Note: For table entries with two numbers listed, the numbers in parentheses indicate the number of resources of the given type used by the specific entity alone. The numbers listed outside of parentheses indicate the total resources of the given type used by the specific entity and all of its sub-entities in the hierarchy.


+----------------------------------------------------------------------------------------------------------------+
; Registers Removed During Synthesis                                                                             ;
+-------------------------------------------------+--------------------------------------------------------------+
; Register name                                   ; Reason for Removal                                           ;
+-------------------------------------------------+--------------------------------------------------------------+
; segment7_mux:SEVENSEGMENTMUX|\clk_proc:COUNT[0] ; Merged with HVAC:HVAC1|\clk_divider:counter[0]               ;
; HVAC:HVAC1|\clk_divider:counter[1]              ; Merged with segment7_mux:SEVENSEGMENTMUX|\clk_proc:COUNT[1]  ;
; HVAC:HVAC1|\clk_divider:counter[2]              ; Merged with segment7_mux:SEVENSEGMENTMUX|\clk_proc:COUNT[2]  ;
; HVAC:HVAC1|\clk_divider:counter[3]              ; Merged with segment7_mux:SEVENSEGMENTMUX|\clk_proc:COUNT[3]  ;
; HVAC:HVAC1|\clk_divider:counter[4]              ; Merged with segment7_mux:SEVENSEGMENTMUX|\clk_proc:COUNT[4]  ;
; HVAC:HVAC1|\clk_divider:counter[5]              ; Merged with segment7_mux:SEVENSEGMENTMUX|\clk_proc:COUNT[5]  ;
; HVAC:HVAC1|\clk_divider:counter[6]              ; Merged with segment7_mux:SEVENSEGMENTMUX|\clk_proc:COUNT[6]  ;
; HVAC:HVAC1|\clk_divider:counter[7]              ; Merged with segment7_mux:SEVENSEGMENTMUX|\clk_proc:COUNT[7]  ;
; HVAC:HVAC1|\clk_divider:counter[8]              ; Merged with segment7_mux:SEVENSEGMENTMUX|\clk_proc:COUNT[8]  ;
; HVAC:HVAC1|\clk_divider:counter[9]              ; Merged with segment7_mux:SEVENSEGMENTMUX|\clk_proc:COUNT[9]  ;
; HVAC:HVAC1|\clk_divider:counter[10]             ; Merged with segment7_mux:SEVENSEGMENTMUX|\clk_proc:COUNT[10] ;
; Total Number of Removed Registers = 11          ;                                                              ;
+-------------------------------------------------+--------------------------------------------------------------+


+------------------------------------------------------+
; General Register Statistics                          ;
+----------------------------------------------+-------+
; Statistic                                    ; Value ;
+----------------------------------------------+-------+
; Total registers                              ; 29    ;
; Number of registers using Synchronous Clear  ; 0     ;
; Number of registers using Synchronous Load   ; 0     ;
; Number of registers using Asynchronous Clear ; 0     ;
; Number of registers using Asynchronous Load  ; 0     ;
; Number of registers using Clock Enable       ; 3     ;
; Number of registers using Preset             ; 0     ;
+----------------------------------------------+-------+


+--------------------------------------------+
; Port Connectivity Checks: "HVAC:HVAC1"     ;
+----------+-------+----------+--------------+
; Port     ; Type  ; Severity ; Details      ;
+----------+-------+----------+--------------+
; hvac_sim ; Input ; Info     ; Stuck at GND ;
+----------+-------+----------+--------------+


+-----------------------------------------------------+
; Post-Synthesis Netlist Statistics for Top Partition ;
+-----------------------+-----------------------------+
; Type                  ; Count                       ;
+-----------------------+-----------------------------+
; boundary_port         ; 30                          ;
; cycloneiii_ff         ; 29                          ;
;     ENA               ; 3                           ;
;     plain             ; 26                          ;
; cycloneiii_io_obuf    ; 3                           ;
; cycloneiii_lcell_comb ; 99                          ;
;     arith             ; 34                          ;
;         2 data inputs ; 30                          ;
;         3 data inputs ; 4                           ;
;     normal            ; 65                          ;
;         1 data inputs ; 12                          ;
;         2 data inputs ; 2                           ;
;         3 data inputs ; 16                          ;
;         4 data inputs ; 35                          ;
;                       ;                             ;
; Max LUT depth         ; 6.00                        ;
; Average LUT depth     ; 3.28                        ;
+-----------------------+-----------------------------+


+-------------------------------+
; Elapsed Time Per Partition    ;
+----------------+--------------+
; Partition Name ; Elapsed Time ;
+----------------+--------------+
; Top            ; 00:00:00     ;
+----------------+--------------+


+-------------------------------+
; Analysis & Synthesis Messages ;
+-------------------------------+
Info: *******************************************************************
Info: Running Quartus Prime Analysis & Synthesis
    Info: Version 18.1.0 Build 625 09/12/2018 SJ Standard Edition
    Info: Processing started: Tue Mar 12 22:06:44 2024
Info: Command: quartus_map --read_settings_files=on --write_settings_files=off LogicalStep_Lab3 -c LogicalStep_Lab3_top
Warning (18236): Number of processors has not been specified which may cause overloading on shared machines.  Set the global assignment NUM_PARALLEL_PROCESSORS in your QSF to an appropriate value for best performance.
Info (20030): Parallel compilation is enabled and will use 2 of the 2 processors detected
Info (12021): Found 2 design units, including 1 entities, in source file logicalstep_lab3_top.vhd
    Info (12022): Found design unit 1: LogicalStep_Lab3_top-design File: C:/Users/svtuczyn/ECE-124/Lab3/LogicalStep_Lab3_top.vhd Line: 22
    Info (12023): Found entity 1: LogicalStep_Lab3_top File: C:/Users/svtuczyn/ECE-124/Lab3/LogicalStep_Lab3_top.vhd Line: 5
Info (12021): Found 2 design units, including 1 entities, in source file segment7_mux.vhd
    Info (12022): Found design unit 1: segment7_mux-syn File: C:/Users/svtuczyn/ECE-124/Lab3/segment7_mux.vhd Line: 67
    Info (12023): Found entity 1: segment7_mux File: C:/Users/svtuczyn/ECE-124/Lab3/segment7_mux.vhd Line: 52
Info (12021): Found 2 design units, including 1 entities, in source file sevensegment.vhd
    Info (12022): Found design unit 1: SevenSegment-Behavioral File: C:/Users/svtuczyn/ECE-124/Lab3/SevenSegment.vhd Line: 18
    Info (12023): Found entity 1: SevenSegment File: C:/Users/svtuczyn/ECE-124/Lab3/SevenSegment.vhd Line: 10
Info (12021): Found 2 design units, including 1 entities, in source file compx1.vhd
    Info (12022): Found design unit 1: Compx1-compare File: C:/Users/svtuczyn/ECE-124/Lab3/Compx1.vhd Line: 19
    Info (12023): Found entity 1: Compx1 File: C:/Users/svtuczyn/ECE-124/Lab3/Compx1.vhd Line: 5
Info (12021): Found 2 design units, including 1 entities, in source file compx4.vhd
    Info (12022): Found design unit 1: Compx4-comparator File: C:/Users/svtuczyn/ECE-124/Lab3/Compx4.vhd Line: 20
    Info (12023): Found entity 1: Compx4 File: C:/Users/svtuczyn/ECE-124/Lab3/Compx4.vhd Line: 5
Warning (12019): Can't analyze file -- file output_files/LogicalStep_Lab3_top.vhd is missing
Warning (12019): Can't analyze file -- file output_files/Bidir_shift_reg.vhd is missing
Info (12021): Found 2 design units, including 1 entities, in source file u_d_bin_counter8bit.vhd
    Info (12022): Found design unit 1: U_D_Bin_Counter8bit-one File: C:/Users/svtuczyn/ECE-124/Lab3/U_D_Bin_Counter8Bit.vhd Line: 15
    Info (12023): Found entity 1: U_D_Bin_Counter8bit File: C:/Users/svtuczyn/ECE-124/Lab3/U_D_Bin_Counter8Bit.vhd Line: 5
Info (12021): Found 2 design units, including 1 entities, in source file twoonemux.vhd
    Info (12022): Found design unit 1: twoonemux-Behavioral File: C:/Users/svtuczyn/ECE-124/Lab3/twoonemux.vhd Line: 12
    Info (12023): Found entity 1: twoonemux File: C:/Users/svtuczyn/ECE-124/Lab3/twoonemux.vhd Line: 4
Warning (12019): Can't analyze file -- file decoder.vhd is missing
Info (12021): Found 2 design units, including 1 entities, in source file energy_monitor.vhd
    Info (12022): Found design unit 1: energy_monitor-behaviour File: C:/Users/svtuczyn/ECE-124/Lab3/energy_monitor.vhd Line: 24
    Info (12023): Found entity 1: energy_monitor File: C:/Users/svtuczyn/ECE-124/Lab3/energy_monitor.vhd Line: 4
Info (12127): Elaborating entity "LogicalStep_Lab3_top" for the top level hierarchy
Warning (10036): Verilog HDL or VHDL warning at LogicalStep_Lab3_top.vhd(139): object "hex_A" assigned a value but never read File: C:/Users/svtuczyn/ECE-124/Lab3/LogicalStep_Lab3_top.vhd Line: 139
Warning (10036): Verilog HDL or VHDL warning at LogicalStep_Lab3_top.vhd(139): object "hex_B" assigned a value but never read File: C:/Users/svtuczyn/ECE-124/Lab3/LogicalStep_Lab3_top.vhd Line: 139
Warning (12125): Using design file pb_inverters.vhd, which is not specified as a design file for the current project, but contains definitions for 2 design units and 1 entities in project
    Info (12022): Found design unit 1: pb_inverters-gates File: C:/Users/svtuczyn/ECE-124/Lab3/pb_inverters.vhd Line: 12
    Info (12023): Found entity 1: pb_inverters File: C:/Users/svtuczyn/ECE-124/Lab3/pb_inverters.vhd Line: 4
Info (12128): Elaborating entity "pb_inverters" for hierarchy "pb_inverters:PUSHBUTTONINVERTERS" File: C:/Users/svtuczyn/ECE-124/Lab3/LogicalStep_Lab3_top.vhd Line: 157
Info (12128): Elaborating entity "twoonemux" for hierarchy "twoonemux:TWOONEMUX1" File: C:/Users/svtuczyn/ECE-124/Lab3/LogicalStep_Lab3_top.vhd Line: 158
Info (12128): Elaborating entity "Compx4" for hierarchy "Compx4:COMPX41" File: C:/Users/svtuczyn/ECE-124/Lab3/LogicalStep_Lab3_top.vhd Line: 159
Info (12128): Elaborating entity "Compx1" for hierarchy "Compx4:COMPX41|Compx1:co1" File: C:/Users/svtuczyn/ECE-124/Lab3/Compx4.vhd Line: 39
Warning (12125): Using design file tester.vhd, which is not specified as a design file for the current project, but contains definitions for 2 design units and 1 entities in project
    Info (12022): Found design unit 1: Tester-Test_ckt File: C:/Users/svtuczyn/ECE-124/Lab3/tester.vhd Line: 14
    Info (12023): Found entity 1: Tester File: C:/Users/svtuczyn/ECE-124/Lab3/tester.vhd Line: 5
Info (12128): Elaborating entity "Tester" for hierarchy "Tester:TESTER1" File: C:/Users/svtuczyn/ECE-124/Lab3/LogicalStep_Lab3_top.vhd Line: 160
Warning (10492): VHDL Process Statement warning at tester.vhd(47): signal "EQ_PASS" is read inside the Process Statement but isn't in the Process Statement's sensitivity list File: C:/Users/svtuczyn/ECE-124/Lab3/tester.vhd Line: 47
Warning (10492): VHDL Process Statement warning at tester.vhd(47): signal "GT_PASS" is read inside the Process Statement but isn't in the Process Statement's sensitivity list File: C:/Users/svtuczyn/ECE-124/Lab3/tester.vhd Line: 47
Warning (10492): VHDL Process Statement warning at tester.vhd(47): signal "LT_PASS" is read inside the Process Statement but isn't in the Process Statement's sensitivity list File: C:/Users/svtuczyn/ECE-124/Lab3/tester.vhd Line: 47
Info (12128): Elaborating entity "SevenSegment" for hierarchy "SevenSegment:SEVENSEGMENT1" File: C:/Users/svtuczyn/ECE-124/Lab3/LogicalStep_Lab3_top.vhd Line: 161
Info (12128): Elaborating entity "segment7_mux" for hierarchy "segment7_mux:SEVENSEGMENTMUX" File: C:/Users/svtuczyn/ECE-124/Lab3/LogicalStep_Lab3_top.vhd Line: 163
Info (12128): Elaborating entity "energy_monitor" for hierarchy "energy_monitor:ENERGYMONITOR" File: C:/Users/svtuczyn/ECE-124/Lab3/LogicalStep_Lab3_top.vhd Line: 164
Warning (12125): Using design file hvac.vhd, which is not specified as a design file for the current project, but contains definitions for 2 design units and 1 entities in project
    Info (12022): Found design unit 1: HVAC-rtl File: C:/Users/svtuczyn/ECE-124/Lab3/hvac.vhd Line: 14
    Info (12023): Found entity 1: HVAC File: C:/Users/svtuczyn/ECE-124/Lab3/hvac.vhd Line: 5
Info (12128): Elaborating entity "HVAC" for hierarchy "HVAC:HVAC1" File: C:/Users/svtuczyn/ECE-124/Lab3/LogicalStep_Lab3_top.vhd Line: 165
Warning (10492): VHDL Process Statement warning at hvac.vhd(39): signal "clk" is read inside the Process Statement but isn't in the Process Statement's sensitivity list File: C:/Users/svtuczyn/ECE-124/Lab3/hvac.vhd Line: 39
Warning (10492): VHDL Process Statement warning at hvac.vhd(41): signal "clk_2hz" is read inside the Process Statement but isn't in the Process Statement's sensitivity list File: C:/Users/svtuczyn/ECE-124/Lab3/hvac.vhd Line: 41
Warning (10492): VHDL Process Statement warning at hvac.vhd(56): signal "cnt" is read inside the Process Statement but isn't in the Process Statement's sensitivity list File: C:/Users/svtuczyn/ECE-124/Lab3/hvac.vhd Line: 56
Info (286030): Timing-Driven Synthesis is running
Info (16010): Generating hard_block partition "hard_block:auto_generated_inst"
    Info (16011): Adding 0 node(s), including 0 DDIO, 0 PLL, 0 transceiver and 0 LCELL
Info (21057): Implemented 122 device resources after synthesis - the final resource count might be different
    Info (21058): Implemented 13 input pins
    Info (21059): Implemented 17 output pins
    Info (21061): Implemented 92 logic cells
Info: Quartus Prime Analysis & Synthesis was successful. 0 errors, 15 warnings
    Info: Peak virtual memory: 4792 megabytes
    Info: Processing ended: Tue Mar 12 22:06:55 2024
    Info: Elapsed time: 00:00:11
    Info: Total CPU time (on all processors): 00:00:23


