Flow report for LogicalStep_Lab1_top
Wed Jan 17 10:00:28 2024
Quartus Prime Version 18.1.0 Build 625 09/12/2018 SJ Standard Edition


---------------------
; Table of Contents ;
---------------------
  1. Legal Notice
  2. Flow Summary
  3. Flow Settings
  4. Flow Non-Default Global Settings
  5. Flow Elapsed Time
  6. Flow OS Summary
  7. Flow Log
  8. Flow Messages
  9. Flow Suppressed Messages



----------------
; Legal Notice ;
----------------
Copyright (C) 2018  Intel Corporation. All rights reserved.
Your use of Intel Corporation's design tools, logic functions 
and other software and tools, and its AMPP partner logic 
functions, and any output files from any of the foregoing 
(including device programming or simulation files), and any 
associated documentation or information are expressly subject 
to the terms and conditions of the Intel Program License 
Subscription Agreement, the Intel Quartus Prime License Agreement,
the Intel FPGA IP License Agreement, or other applicable license
agreement, including, without limitation, that your use is for
the sole purpose of programming logic devices manufactured by
Intel and sold by Intel or its authorized distributors.  Please
refer to the applicable agreement for further details.



+--------------------------------------------------------------------------------------+
; Flow Summary                                                                         ;
+------------------------------------+-------------------------------------------------+
; Flow Status                        ; Successful - Wed Jan 17 10:00:28 2024           ;
; Quartus Prime Version              ; 18.1.0 Build 625 09/12/2018 SJ Standard Edition ;
; Revision Name                      ; LogicalStep_Lab1_top                            ;
; Top-level Entity Name              ; LogicalStep_Lab1_top                            ;
; Family                             ; MAX 10                                          ;
; Device                             ; 10M08SAE144C8G                                  ;
; Timing Models                      ; Final                                           ;
; Total logic elements               ; 3                                               ;
;     Total combinational functions  ; 3                                               ;
;     Dedicated logic registers      ; 0                                               ;
; Total registers                    ; 0                                               ;
; Total pins                         ; 11                                              ;
; Total virtual pins                 ; 0                                               ;
; Total memory bits                  ; 0                                               ;
; Embedded Multiplier 9-bit elements ; 0                                               ;
; Total PLLs                         ; 0                                               ;
; UFM blocks                         ; 0                                               ;
; ADC blocks                         ; 0                                               ;
+------------------------------------+-------------------------------------------------+


+------------------------------------------+
; Flow Settings                            ;
+-------------------+----------------------+
; Option            ; Setting              ;
+-------------------+----------------------+
; Start date & time ; 01/17/2024 09:55:50  ;
; Main task         ; Compilation          ;
; Revision Name     ; LogicalStep_Lab1_top ;
+-------------------+----------------------+


+---------------------------------------------------------------------------------------------------------------------------------------+
; Flow Non-Default Global Settings                                                                                                      ;
+--------------------------------------+----------------------------------------+---------------+-------------+-------------------------+
; Assignment Name                      ; Value                                  ; Default Value ; Entity Name ; Section Id              ;
+--------------------------------------+----------------------------------------+---------------+-------------+-------------------------+
; COMPILER_SIGNATURE_ID                ; 268612362138287.170550335007164        ; --            ; --          ; --                      ;
; EDA_BOARD_DESIGN_TIMING_TOOL         ; Stamp (Timing)                         ; <None>        ; --          ; --                      ;
; EDA_OUTPUT_DATA_FORMAT               ; Stamp                                  ; --            ; --          ; eda_board_design_timing ;
; EDA_OUTPUT_DATA_FORMAT               ; Vhdl                                   ; --            ; --          ; eda_simulation          ;
; EDA_SIMULATION_TOOL                  ; ModelSim-Altera (VHDL)                 ; <None>        ; --          ; --                      ;
; EDA_TIME_SCALE                       ; 1 ps                                   ; --            ; --          ; eda_simulation          ;
; FLOW_ENABLE_POWER_ANALYZER           ; On                                     ; Off           ; --          ; --                      ;
; IOBANK_VCCIO                         ; 3.3V                                   ; --            ; --          ; 1A                      ;
; IOBANK_VCCIO                         ; 3.3V                                   ; --            ; --          ; 1B                      ;
; IOBANK_VCCIO                         ; 3.3V                                   ; --            ; --          ; 2                       ;
; IOBANK_VCCIO                         ; 3.3V                                   ; --            ; --          ; 3                       ;
; IOBANK_VCCIO                         ; 3.3V                                   ; --            ; --          ; 4                       ;
; IOBANK_VCCIO                         ; 3.3V                                   ; --            ; --          ; 5                       ;
; IOBANK_VCCIO                         ; 3.3V                                   ; --            ; --          ; 6                       ;
; IOBANK_VCCIO                         ; 3.3V                                   ; --            ; --          ; 7                       ;
; IOBANK_VCCIO                         ; 3.3V                                   ; --            ; --          ; 8                       ;
; MAX_CORE_JUNCTION_TEMP               ; 85                                     ; --            ; --          ; --                      ;
; MIN_CORE_JUNCTION_TEMP               ; 0                                      ; --            ; --          ; --                      ;
; OUTPUT_IO_TIMING_FAR_END_VMEAS       ; Half Signal Swing                      ; --            ; --          ; --                      ;
; OUTPUT_IO_TIMING_FAR_END_VMEAS       ; Half Signal Swing                      ; --            ; --          ; --                      ;
; OUTPUT_IO_TIMING_NEAR_END_VMEAS      ; Half Vccio                             ; --            ; --          ; --                      ;
; OUTPUT_IO_TIMING_NEAR_END_VMEAS      ; Half Vccio                             ; --            ; --          ; --                      ;
; PARTITION_COLOR                      ; -- (Not supported for targeted family) ; --            ; --          ; Top                     ;
; PARTITION_FITTER_PRESERVATION_LEVEL  ; -- (Not supported for targeted family) ; --            ; --          ; Top                     ;
; PARTITION_NETLIST_TYPE               ; -- (Not supported for targeted family) ; --            ; --          ; Top                     ;
; POWER_BOARD_THERMAL_MODEL            ; None (CONSERVATIVE)                    ; --            ; --          ; --                      ;
; POWER_DEFAULT_INPUT_IO_TOGGLE_RATE   ; 12.5 %                                 ; 12.5%         ; --          ; --                      ;
; POWER_PRESET_COOLING_SOLUTION        ; 23 MM HEAT SINK WITH 200 LFPM AIRFLOW  ; --            ; --          ; --                      ;
; PROJECT_OUTPUT_DIRECTORY             ; output_files                           ; --            ; --          ; --                      ;
; TIMING_ANALYZER_MULTICORNER_ANALYSIS ; Off                                    ; On            ; --          ; --                      ;
+--------------------------------------+----------------------------------------+---------------+-------------+-------------------------+


+--------------------------------------------------------------------------------------------------------------------------+
; Flow Elapsed Time                                                                                                        ;
+----------------------+--------------+-------------------------+---------------------+------------------------------------+
; Module Name          ; Elapsed Time ; Average Processors Used ; Peak Virtual Memory ; Total CPU Time (on all processors) ;
+----------------------+--------------+-------------------------+---------------------+------------------------------------+
; Analysis & Synthesis ; 00:00:11     ; 1.0                     ; 4736 MB             ; 00:00:24                           ;
; EDA Netlist Writer   ; 00:00:01     ; 1.0                     ; 4639 MB             ; 00:00:01                           ;
; EDA Netlist Writer   ; 00:00:01     ; 1.0                     ; 4640 MB             ; 00:00:01                           ;
; Total                ; 00:00:13     ; --                      ; --                  ; 00:00:26                           ;
+----------------------+--------------+-------------------------+---------------------+------------------------------------+


+------------------------------------------------------------------------------------+
; Flow OS Summary                                                                    ;
+----------------------+------------------+------------+------------+----------------+
; Module Name          ; Machine Hostname ; OS Name    ; OS Version ; Processor type ;
+----------------------+------------------+------------+------------+----------------+
; Analysis & Synthesis ; ECE-CPUIO27      ; Windows 10 ; 10.0       ; x86_64         ;
; EDA Netlist Writer   ; ECE-CPUIO27      ; Windows 10 ; 10.0       ; x86_64         ;
; EDA Netlist Writer   ; ECE-CPUIO27      ; Windows 10 ; 10.0       ; x86_64         ;
+----------------------+------------------+------------+------------+----------------+


------------
; Flow Log ;
------------
quartus_map --read_settings_files=on --write_settings_files=off LogicalStep_Lab1 -c LogicalStep_Lab1_top
quartus_eda --gen_testbench --tool=modelsim_oem --format=verilog --write_settings_files=off LogicalStep_Lab1 -c LogicalStep_Lab1_top --vector_source="C:/Users/svtuczyn/ECE-124/Lab 1/Waveform.vwf" --testbench_file="C:/Users/svtuczyn/ECE-124/Lab 1/simulation/qsim/Waveform.vwf.vt"
quartus_eda --write_settings_files=off --simulation=on --functional=on --flatten_buses=off --tool=modelsim_oem --format=verilog --output_directory="C:/Users/svtuczyn/ECE-124/Lab 1/simulation/qsim/" LogicalStep_Lab1 -c LogicalStep_Lab1_top



